[debug] [2025-12-08T14:41:42.489Z] ----------------------------------------------------------------------
[debug] [2025-12-08T14:41:42.491Z] Command:       /Users/tomszymanski/.nvm/versions/node/v22.16.0/bin/node /opt/homebrew/bin/firebase deploy --only functions --debug
[debug] [2025-12-08T14:41:42.492Z] CLI Version:   13.10.2
[debug] [2025-12-08T14:41:42.492Z] Platform:      darwin
[debug] [2025-12-08T14:41:42.492Z] Node Version:  v22.16.0
[debug] [2025-12-08T14:41:42.493Z] Time:          Mon Dec 08 2025 08:41:42 GMT-0600 (Central Standard Time)
[debug] [2025-12-08T14:41:42.493Z] ----------------------------------------------------------------------
[debug] 
[debug] [2025-12-08T14:41:42.540Z] > command requires scopes: ["email","openid","https://www.googleapis.com/auth/cloudplatformprojects.readonly","https://www.googleapis.com/auth/firebase","https://www.googleapis.com/auth/cloud-platform"]
[debug] [2025-12-08T14:41:42.541Z] > authorizing via signed-in user (szymanski.tom@gmail.com)
[debug] [2025-12-08T14:41:42.541Z] [iam] checking project talkie-trivia for permissions ["cloudfunctions.functions.create","cloudfunctions.functions.delete","cloudfunctions.functions.get","cloudfunctions.functions.list","cloudfunctions.functions.update","cloudfunctions.operations.get","firebase.projects.get"]
[debug] [2025-12-08T14:41:42.542Z] >>> [apiv2][query] POST https://cloudresourcemanager.googleapis.com/v1/projects/talkie-trivia:testIamPermissions [none]
[debug] [2025-12-08T14:41:42.543Z] >>> [apiv2][(partial)header] POST https://cloudresourcemanager.googleapis.com/v1/projects/talkie-trivia:testIamPermissions x-goog-quota-user=projects/talkie-trivia
[debug] [2025-12-08T14:41:42.543Z] >>> [apiv2][body] POST https://cloudresourcemanager.googleapis.com/v1/projects/talkie-trivia:testIamPermissions {"permissions":["cloudfunctions.functions.create","cloudfunctions.functions.delete","cloudfunctions.functions.get","cloudfunctions.functions.list","cloudfunctions.functions.update","cloudfunctions.operations.get","firebase.projects.get"]}
[debug] [2025-12-08T14:41:42.879Z] <<< [apiv2][status] POST https://cloudresourcemanager.googleapis.com/v1/projects/talkie-trivia:testIamPermissions 200
[debug] [2025-12-08T14:41:42.879Z] <<< [apiv2][body] POST https://cloudresourcemanager.googleapis.com/v1/projects/talkie-trivia:testIamPermissions {"permissions":["cloudfunctions.functions.create","cloudfunctions.functions.delete","cloudfunctions.functions.get","cloudfunctions.functions.list","cloudfunctions.functions.update","cloudfunctions.operations.get","firebase.projects.get"]}
[debug] [2025-12-08T14:41:42.879Z] >>> [apiv2][query] POST https://iam.googleapis.com/v1/projects/talkie-trivia/serviceAccounts/talkie-trivia@appspot.gserviceaccount.com:testIamPermissions [none]
[debug] [2025-12-08T14:41:42.879Z] >>> [apiv2][body] POST https://iam.googleapis.com/v1/projects/talkie-trivia/serviceAccounts/talkie-trivia@appspot.gserviceaccount.com:testIamPermissions {"permissions":["iam.serviceAccounts.actAs"]}
[debug] [2025-12-08T14:41:43.134Z] <<< [apiv2][status] POST https://iam.googleapis.com/v1/projects/talkie-trivia/serviceAccounts/talkie-trivia@appspot.gserviceaccount.com:testIamPermissions 200
[debug] [2025-12-08T14:41:43.134Z] <<< [apiv2][body] POST https://iam.googleapis.com/v1/projects/talkie-trivia/serviceAccounts/talkie-trivia@appspot.gserviceaccount.com:testIamPermissions {"permissions":["iam.serviceAccounts.actAs"]}
[info] 
[info] === Deploying to 'talkie-trivia'...
[info] 
[info] i  deploying functions 
[info] Running command: npm --prefix "$RESOURCE_DIR" run lint
[info] Running command: npm --prefix "$RESOURCE_DIR" run build
[info] ✔  functions: Finished running predeploy script. 
[debug] [2025-12-08T14:41:50.950Z] >>> [apiv2][query] GET https://firebase.googleapis.com/v1beta1/projects/talkie-trivia [none]
[debug] [2025-12-08T14:41:51.229Z] <<< [apiv2][status] GET https://firebase.googleapis.com/v1beta1/projects/talkie-trivia 200
[debug] [2025-12-08T14:41:51.230Z] <<< [apiv2][body] GET https://firebase.googleapis.com/v1beta1/projects/talkie-trivia {"projectId":"talkie-trivia","projectNumber":"194733361503","displayName":"talkie-trivia","name":"projects/talkie-trivia","resources":{"hostingSite":"talkie-trivia"},"state":"ACTIVE","etag":"1_21c51b56-685c-44f7-aa6c-4d879c95a015"}
[info] i  functions: preparing codebase default for deployment 
[info] i  functions: ensuring required API cloudfunctions.googleapis.com is enabled... 
[info] i  functions: ensuring required API cloudbuild.googleapis.com is enabled... 
[info] i  artifactregistry: ensuring required API artifactregistry.googleapis.com is enabled... 
[debug] [2025-12-08T14:41:51.231Z] >>> [apiv2][query] GET https://serviceusage.googleapis.com/v1/projects/talkie-trivia/services/cloudfunctions.googleapis.com [none]
[debug] [2025-12-08T14:41:51.231Z] >>> [apiv2][(partial)header] GET https://serviceusage.googleapis.com/v1/projects/talkie-trivia/services/cloudfunctions.googleapis.com x-goog-quota-user=projects/talkie-trivia
[debug] [2025-12-08T14:41:51.232Z] >>> [apiv2][query] GET https://serviceusage.googleapis.com/v1/projects/talkie-trivia/services/runtimeconfig.googleapis.com [none]
[debug] [2025-12-08T14:41:51.232Z] >>> [apiv2][(partial)header] GET https://serviceusage.googleapis.com/v1/projects/talkie-trivia/services/runtimeconfig.googleapis.com x-goog-quota-user=projects/talkie-trivia
[debug] [2025-12-08T14:41:51.232Z] >>> [apiv2][query] GET https://serviceusage.googleapis.com/v1/projects/talkie-trivia/services/cloudbuild.googleapis.com [none]
[debug] [2025-12-08T14:41:51.232Z] >>> [apiv2][(partial)header] GET https://serviceusage.googleapis.com/v1/projects/talkie-trivia/services/cloudbuild.googleapis.com x-goog-quota-user=projects/talkie-trivia
[debug] [2025-12-08T14:41:51.233Z] >>> [apiv2][query] GET https://serviceusage.googleapis.com/v1/projects/talkie-trivia/services/artifactregistry.googleapis.com [none]
[debug] [2025-12-08T14:41:51.233Z] >>> [apiv2][(partial)header] GET https://serviceusage.googleapis.com/v1/projects/talkie-trivia/services/artifactregistry.googleapis.com x-goog-quota-user=projects/talkie-trivia
[debug] [2025-12-08T14:41:51.581Z] <<< [apiv2][status] GET https://serviceusage.googleapis.com/v1/projects/talkie-trivia/services/cloudbuild.googleapis.com 200
[debug] [2025-12-08T14:41:51.581Z] <<< [apiv2][body] GET https://serviceusage.googleapis.com/v1/projects/talkie-trivia/services/cloudbuild.googleapis.com [omitted]
[info] ✔  functions: required API cloudbuild.googleapis.com is enabled 
[debug] [2025-12-08T14:41:51.603Z] <<< [apiv2][status] GET https://serviceusage.googleapis.com/v1/projects/talkie-trivia/services/cloudfunctions.googleapis.com 200
[debug] [2025-12-08T14:41:51.603Z] <<< [apiv2][body] GET https://serviceusage.googleapis.com/v1/projects/talkie-trivia/services/cloudfunctions.googleapis.com [omitted]
[info] ✔  functions: required API cloudfunctions.googleapis.com is enabled 
[debug] [2025-12-08T14:41:51.631Z] <<< [apiv2][status] GET https://serviceusage.googleapis.com/v1/projects/talkie-trivia/services/artifactregistry.googleapis.com 200
[debug] [2025-12-08T14:41:51.631Z] <<< [apiv2][body] GET https://serviceusage.googleapis.com/v1/projects/talkie-trivia/services/artifactregistry.googleapis.com [omitted]
[info] ✔  artifactregistry: required API artifactregistry.googleapis.com is enabled 
[debug] [2025-12-08T14:41:51.653Z] <<< [apiv2][status] GET https://serviceusage.googleapis.com/v1/projects/talkie-trivia/services/runtimeconfig.googleapis.com 200
[debug] [2025-12-08T14:41:51.654Z] <<< [apiv2][body] GET https://serviceusage.googleapis.com/v1/projects/talkie-trivia/services/runtimeconfig.googleapis.com [omitted]
[debug] [2025-12-08T14:41:51.654Z] >>> [apiv2][query] GET https://firebase.googleapis.com/v1beta1/projects/talkie-trivia/adminSdkConfig [none]
[debug] [2025-12-08T14:41:51.961Z] <<< [apiv2][status] GET https://firebase.googleapis.com/v1beta1/projects/talkie-trivia/adminSdkConfig 200
[debug] [2025-12-08T14:41:51.961Z] <<< [apiv2][body] GET https://firebase.googleapis.com/v1beta1/projects/talkie-trivia/adminSdkConfig {"projectId":"talkie-trivia","storageBucket":"talkie-trivia.firebasestorage.app"}
[debug] [2025-12-08T14:41:51.961Z] >>> [apiv2][query] GET https://runtimeconfig.googleapis.com/v1beta1/projects/talkie-trivia/configs [none]
[debug] [2025-12-08T14:41:52.202Z] <<< [apiv2][status] GET https://runtimeconfig.googleapis.com/v1beta1/projects/talkie-trivia/configs 200
[debug] [2025-12-08T14:41:52.202Z] <<< [apiv2][body] GET https://runtimeconfig.googleapis.com/v1beta1/projects/talkie-trivia/configs {}
[debug] [2025-12-08T14:41:52.203Z] Validating nodejs source
[debug] [2025-12-08T14:41:52.805Z] > [functions] package.json contents: {
  "name": "functions",
  "scripts": {
    "lint": "echo 'No linting configured yet'",
    "build": "tsc",
    "serve": "npm run build && firebase emulators:start --only functions",
    "shell": "npm run build && firebase functions:shell",
    "start": "npm run shell",
    "deploy": "firebase deploy --only functions",
    "logs": "firebase functions:log",
    "test": "jest"
  },
  "engines": {
    "node": "20"
  },
  "main": "lib/index.js",
  "dependencies": {
    "firebase-admin": "^13.6.0",
    "firebase-functions": "^7.0.1"
  },
  "devDependencies": {
    "@types/jest": "^30.0.0",
    "firebase-functions-test": "^3.4.1",
    "jest": "^30.2.0",
    "ts-jest": "^29.4.6",
    "typescript": "^5.9.3"
  },
  "private": true
}
[debug] [2025-12-08T14:41:52.805Z] Building nodejs source
[info] i  functions: Loading and analyzing source code for codebase default to determine what to deploy 
[debug] [2025-12-08T14:41:52.806Z] Could not find functions.yaml. Must use http discovery
[debug] [2025-12-08T14:41:52.818Z] Found firebase-functions binary at '/Users/tomszymanski/Documents/Code/talkie-trivia/functions/node_modules/.bin/firebase-functions'
[info] Serving at port 8552

[debug] [2025-12-08T14:41:53.614Z] Got response from /__/functions.yaml {"endpoints":{"submitGameResult":{"availableMemoryMb":null,"timeoutSeconds":null,"minInstances":null,"maxInstances":null,"ingressSettings":null,"concurrency":null,"serviceAccountEmail":null,"vpc":null,"platform":"gcfv2","labels":{},"callableTrigger":{},"entryPoint":"submitGameResult"}},"specVersion":"v1alpha1","requiredAPIs":[],"extensions":{}}
[error] Error: Failed to parse build specification:
[error] - FirebaseError Unexpected key extensions. You may need to install a newer version of the Firebase CLI.
